Listing '.'...
Listing './bin'...
Listing './include'...
Listing './lib'...
Listing './lib/python3.5'...
Listing './lib/python3.5/site-packages'...
Listing './lib/python3.5/site-packages/enpraxis'...
Listing './lib/python3.5/site-packages/enpraxis/educommons'...
Listing './lib/python3.5/site-packages/enpraxis/educommons/annotations'...
Listing './lib/python3.5/site-packages/enpraxis/educommons/browser'...
Compiling './lib/python3.5/site-packages/enpraxis/educommons/browser/__init__.py'...
*** Sorry: TabError: inconsistent use of tabs and spaces in indentation (__init__.py, line 48)
Compiling './lib/python3.5/site-packages/enpraxis/educommons/browser/feedbackform.py'...
***   File "./lib/python3.5/site-packages/enpraxis/educommons/browser/feedbackform.py", line 73
    except MailHostError, e:
                        ^
SyntaxError: invalid syntax

Compiling './lib/python3.5/site-packages/enpraxis/educommons/browser/foldercontents.py'...
*** Sorry: TabError: inconsistent use of tabs and spaces in indentation (foldercontents.py, line 60)
Listing './lib/python3.5/site-packages/enpraxis/educommons/browser/images'...
Compiling './lib/python3.5/site-packages/enpraxis/educommons/browser/menu.py'...
*** Sorry: TabError: inconsistent use of tabs and spaces in indentation (menu.py, line 84)
Listing './lib/python3.5/site-packages/enpraxis/educommons/browser/nextprev'...
Compiling './lib/python3.5/site-packages/enpraxis/educommons/browser/reportcontentform.py'...
***   File "./lib/python3.5/site-packages/enpraxis/educommons/browser/reportcontentform.py", line 80
    except MailHostError, e:
                        ^
SyntaxError: invalid syntax

Compiling './lib/python3.5/site-packages/enpraxis/educommons/browser/searchview.py'...
*** Sorry: TabError: inconsistent use of tabs and spaces in indentation (searchview.py, line 159)
Compiling './lib/python3.5/site-packages/enpraxis/educommons/browser/summarycontents.py'...
*** Sorry: TabError: inconsistent use of tabs and spaces in indentation (summarycontents.py, line 42)
Listing './lib/python3.5/site-packages/enpraxis/educommons/browser/templates'...
Listing './lib/python3.5/site-packages/enpraxis/educommons/content'...
Listing './lib/python3.5/site-packages/enpraxis/educommons/docs'...
Listing './lib/python3.5/site-packages/enpraxis/educommons/docs/src'...
Compiling './lib/python3.5/site-packages/enpraxis/educommons/docs/src/makedocs.py'...
***   File "./lib/python3.5/site-packages/enpraxis/educommons/docs/src/makedocs.py", line 20
    print 'Done.'
                ^
SyntaxError: Missing parentheses in call to 'print'

Listing './lib/python3.5/site-packages/enpraxis/educommons/docs/src/stylesheets'...
Compiling './lib/python3.5/site-packages/enpraxis/educommons/events.py'...
*** Sorry: TabError: inconsistent use of tabs and spaces in indentation (events.py, line 78)
Listing './lib/python3.5/site-packages/enpraxis/educommons/extras'...
Compiling './lib/python3.5/site-packages/enpraxis/educommons/extras/PreMigrate.py'...
*** Sorry: TabError: inconsistent use of tabs and spaces in indentation (PreMigrate.py, line 55)
Listing './lib/python3.5/site-packages/enpraxis/educommons/i18n'...
Listing './lib/python3.5/site-packages/enpraxis/educommons/locales'...
Listing './lib/python3.5/site-packages/enpraxis/educommons/locales/af'...
Listing './lib/python3.5/site-packages/enpraxis/educommons/locales/af/LC_MESSAGES'...
Listing './lib/python3.5/site-packages/enpraxis/educommons/locales/ar'...
Listing './lib/python3.5/site-packages/enpraxis/educommons/locales/ar/LC_MESSAGES'...
Listing './lib/python3.5/site-packages/enpraxis/educommons/locales/bn'...
Listing './lib/python3.5/site-packages/enpraxis/educommons/locales/bn/LC_MESSAGES'...
Listing './lib/python3.5/site-packages/enpraxis/educommons/locales/ca'...
Listing './lib/python3.5/site-packages/enpraxis/educommons/locales/ca/LC_MESSAGES'...
Listing './lib/python3.5/site-packages/enpraxis/educommons/locales/de'...
Listing './lib/python3.5/site-packages/enpraxis/educommons/locales/de/LC_MESSAGES'...
Listing './lib/python3.5/site-packages/enpraxis/educommons/locales/en'...
Listing './lib/python3.5/site-packages/enpraxis/educommons/locales/en/LC_MESSAGES'...
Listing './lib/python3.5/site-packages/enpraxis/educommons/locales/es'...
Listing './lib/python3.5/site-packages/enpraxis/educommons/locales/es/LC_MESSAGES'...
Listing './lib/python3.5/site-packages/enpraxis/educommons/locales/fr'...
Listing './lib/python3.5/site-packages/enpraxis/educommons/locales/fr/LC_MESSAGES'...
Listing './lib/python3.5/site-packages/enpraxis/educommons/locales/hi'...
Listing './lib/python3.5/site-packages/enpraxis/educommons/locales/hi/LC_MESSAGES'...
Listing './lib/python3.5/site-packages/enpraxis/educommons/locales/hu'...
Listing './lib/python3.5/site-packages/enpraxis/educommons/locales/hu/LC_MESSAGES'...
Listing './lib/python3.5/site-packages/enpraxis/educommons/locales/it'...
Listing './lib/python3.5/site-packages/enpraxis/educommons/locales/it/LC_MESSAGES'...
Listing './lib/python3.5/site-packages/enpraxis/educommons/locales/ja'...
Listing './lib/python3.5/site-packages/enpraxis/educommons/locales/ja/LC_MESSAGES'...
Listing './lib/python3.5/site-packages/enpraxis/educommons/locales/ko'...
Listing './lib/python3.5/site-packages/enpraxis/educommons/locales/ko/LC_MESSAGES'...
Listing './lib/python3.5/site-packages/enpraxis/educommons/locales/ne'...
Listing './lib/python3.5/site-packages/enpraxis/educommons/locales/ne/LC_MESSAGES'...
Listing './lib/python3.5/site-packages/enpraxis/educommons/locales/nl'...
Listing './lib/python3.5/site-packages/enpraxis/educommons/locales/nl/LC_MESSAGES'...
Listing './lib/python3.5/site-packages/enpraxis/educommons/locales/pt'...
Listing './lib/python3.5/site-packages/enpraxis/educommons/locales/pt/LC_MESSAGES'...
Listing './lib/python3.5/site-packages/enpraxis/educommons/locales/pt-br'...
Listing './lib/python3.5/site-packages/enpraxis/educommons/locales/pt-br/LC_MESSAGES'...
Listing './lib/python3.5/site-packages/enpraxis/educommons/locales/ru'...
Listing './lib/python3.5/site-packages/enpraxis/educommons/locales/ru/LC_MESSAGES'...
Listing './lib/python3.5/site-packages/enpraxis/educommons/locales/tr'...
Listing './lib/python3.5/site-packages/enpraxis/educommons/locales/tr/LC_MESSAGES'...
Listing './lib/python3.5/site-packages/enpraxis/educommons/locales/vi'...
Listing './lib/python3.5/site-packages/enpraxis/educommons/locales/vi/LC_MESSAGES'...
Listing './lib/python3.5/site-packages/enpraxis/educommons/locales/zh'...
Listing './lib/python3.5/site-packages/enpraxis/educommons/locales/zh/LC_MESSAGES'...
Listing './lib/python3.5/site-packages/enpraxis/educommons/locales/zh-cn'...
Listing './lib/python3.5/site-packages/enpraxis/educommons/locales/zh-cn/LC_MESSAGES'...
Listing './lib/python3.5/site-packages/enpraxis/educommons/locales/zh-hk'...
Listing './lib/python3.5/site-packages/enpraxis/educommons/locales/zh-hk/LC_MESSAGES'...
Listing './lib/python3.5/site-packages/enpraxis/educommons/locales/zh-tw'...
Listing './lib/python3.5/site-packages/enpraxis/educommons/locales/zh-tw/LC_MESSAGES'...
Listing './lib/python3.5/site-packages/enpraxis/educommons/portlet'...
Compiling './lib/python3.5/site-packages/enpraxis/educommons/portlet/customwidgets.py'...
*** Sorry: TabError: inconsistent use of tabs and spaces in indentation (customwidgets.py, line 24)
Compiling './lib/python3.5/site-packages/enpraxis/educommons/portlet/simplenavportlet.py'...
*** Sorry: TabError: inconsistent use of tabs and spaces in indentation (simplenavportlet.py, line 107)
Listing './lib/python3.5/site-packages/enpraxis/educommons/profiles'...
Listing './lib/python3.5/site-packages/enpraxis/educommons/profiles/default'...
Listing './lib/python3.5/site-packages/enpraxis/educommons/profiles/default/types'...
Listing './lib/python3.5/site-packages/enpraxis/educommons/profiles/default/workflows'...
Listing './lib/python3.5/site-packages/enpraxis/educommons/profiles/default/workflows/content_workflow'...
Compiling './lib/python3.5/site-packages/enpraxis/educommons/setupHandlers.py'...
*** Sorry: TabError: inconsistent use of tabs and spaces in indentation (setupHandlers.py, line 150)
Compiling './lib/python3.5/site-packages/enpraxis/educommons/setupHandlersOpenOCW.py'...
*** Sorry: TabError: inconsistent use of tabs and spaces in indentation (setupHandlersOpenOCW.py, line 389)
Listing './lib/python3.5/site-packages/enpraxis/educommons/skins'...
Listing './lib/python3.5/site-packages/enpraxis/educommons/skins/eduCommons'...
Listing './lib/python3.5/site-packages/enpraxis/educommons/tests'...
Listing './lib/python3.5/site-packages/enpraxis/educommons/tests/seleniumtests'...
Compiling './lib/python3.5/site-packages/enpraxis/educommons/tests/seleniumtests/QA.py'...
*** Sorry: TabError: inconsistent use of tabs and spaces in indentation (QA.py, line 45)
Compiling './lib/python3.5/site-packages/enpraxis/educommons/tests/seleniumtests/Ticket578.py'...
*** Sorry: TabError: inconsistent use of tabs and spaces in indentation (Ticket578.py, line 38)
Compiling './lib/python3.5/site-packages/enpraxis/educommons/tests/seleniumtests/addNewUsersAll.py'...
*** Sorry: TabError: inconsistent use of tabs and spaces in indentation (addNewUsersAll.py, line 43)
Compiling './lib/python3.5/site-packages/enpraxis/educommons/tests/seleniumtests/admin.py'...
*** Sorry: TabError: inconsistent use of tabs and spaces in indentation (admin.py, line 45)
Compiling './lib/python3.5/site-packages/enpraxis/educommons/tests/seleniumtests/adminSiteSetup.py'...
*** Sorry: TabError: inconsistent use of tabs and spaces in indentation (adminSiteSetup.py, line 44)
Compiling './lib/python3.5/site-packages/enpraxis/educommons/tests/seleniumtests/changeHeader.py'...
*** Sorry: TabError: inconsistent use of tabs and spaces in indentation (changeHeader.py, line 37)
Compiling './lib/python3.5/site-packages/enpraxis/educommons/tests/seleniumtests/courseImport.py'...
*** Sorry: TabError: inconsistent use of tabs and spaces in indentation (courseImport.py, line 64)
Compiling './lib/python3.5/site-packages/enpraxis/educommons/tests/seleniumtests/createCourse.py'...
***   File "./lib/python3.5/site-packages/enpraxis/educommons/tests/seleniumtests/createCourse.py", line 61
    except AssertionError, e: self.verificationErrors.append("Wrong title created")
                         ^
SyntaxError: invalid syntax

Compiling './lib/python3.5/site-packages/enpraxis/educommons/tests/seleniumtests/createDivision.py'...
***   File "./lib/python3.5/site-packages/enpraxis/educommons/tests/seleniumtests/createDivision.py", line 53
    except AssertionError, e: self.verificationErrors.append("Division missing under departments portlet")
                         ^
SyntaxError: invalid syntax

Compiling './lib/python3.5/site-packages/enpraxis/educommons/tests/seleniumtests/createLink.py'...
*** Sorry: TabError: inconsistent use of tabs and spaces in indentation (createLink.py, line 38)
Compiling './lib/python3.5/site-packages/enpraxis/educommons/tests/seleniumtests/createPage.py'...
***   File "./lib/python3.5/site-packages/enpraxis/educommons/tests/seleniumtests/createPage.py", line 63
    except AssertionError, e: self.verificationErrors.append("Wrong title created")
                         ^
SyntaxError: invalid syntax

Compiling './lib/python3.5/site-packages/enpraxis/educommons/tests/seleniumtests/divisionChangeLicense.py'...
*** Sorry: TabError: inconsistent use of tabs and spaces in indentation (divisionChangeLicense.py, line 41)
Compiling './lib/python3.5/site-packages/enpraxis/educommons/tests/seleniumtests/imageUpload.py'...
*** Sorry: TabError: inconsistent use of tabs and spaces in indentation (imageUpload.py, line 42)
Compiling './lib/python3.5/site-packages/enpraxis/educommons/tests/seleniumtests/imsUpload.py'...
***   File "./lib/python3.5/site-packages/enpraxis/educommons/tests/seleniumtests/imsUpload.py", line 63
    except AssertionError, e: self.verificationErrors.append("Wrong data taken from the IMS")
                         ^
SyntaxError: invalid syntax

Listing './lib/python3.5/site-packages/enpraxis/educommons/tests/seleniumtests/old_tests'...
Compiling './lib/python3.5/site-packages/enpraxis/educommons/tests/seleniumtests/producer.py'...
*** Sorry: TabError: inconsistent use of tabs and spaces in indentation (producer.py, line 45)
Compiling './lib/python3.5/site-packages/enpraxis/educommons/tests/seleniumtests/seleniumWrapper.py'...
***   File "./lib/python3.5/site-packages/enpraxis/educommons/tests/seleniumtests/seleniumWrapper.py", line 68
    raise RuntimeError, "Login problems, please check username and password are correct"
                      ^
SyntaxError: invalid syntax

Compiling './lib/python3.5/site-packages/enpraxis/educommons/tests/seleniumtests/sendEmail.py'...
***   File "./lib/python3.5/site-packages/enpraxis/educommons/tests/seleniumtests/sendEmail.py", line 58
    except AssertionError, e: self.verificationErrors.append(str(e))
                         ^
SyntaxError: invalid syntax

Compiling './lib/python3.5/site-packages/enpraxis/educommons/tests/seleniumtests/ticket567.py'...
*** Sorry: TabError: inconsistent use of tabs and spaces in indentation (ticket567.py, line 41)
Compiling './lib/python3.5/site-packages/enpraxis/educommons/tests/seleniumtests/viewer.py'...
*** Sorry: TabError: inconsistent use of tabs and spaces in indentation (viewer.py, line 43)
Compiling './lib/python3.5/site-packages/enpraxis/educommons/tests/seleniumtests/wpimport.py'...
*** Sorry: TabError: inconsistent use of tabs and spaces in indentation (wpimport.py, line 60)
Compiling './lib/python3.5/site-packages/enpraxis/educommons/tests/test_case_object_create.py'...
*** Sorry: TabError: inconsistent use of tabs and spaces in indentation (test_case_object_create.py, line 35)
Compiling './lib/python3.5/site-packages/enpraxis/educommons/tests/test_case_object_edit.py'...
***   File "./lib/python3.5/site-packages/enpraxis/educommons/tests/test_case_object_edit.py", line 225
    except Unauthorized,e:
                       ^
SyntaxError: invalid syntax

Compiling './lib/python3.5/site-packages/enpraxis/educommons/tests/test_case_object_remove.py'...
***   File "./lib/python3.5/site-packages/enpraxis/educommons/tests/test_case_object_remove.py", line 54
    except Unauthorized,e:
                       ^
SyntaxError: invalid syntax

Listing './lib/python3.5/site-packages/enpraxis/educommons/upgrades'...
Compiling './lib/python3.5/site-packages/enpraxis/educommons/upgrades/v3_1_1_to_3_2_1.py'...
*** Sorry: TabError: inconsistent use of tabs and spaces in indentation (v3_1_1_to_3_2_1.py, line 68)
Listing './lib/python3.5/site-packages/enpraxis/educommons/utilities'...
Compiling './lib/python3.5/site-packages/enpraxis/educommons/utilities/eduimsccreader.py'...
***   File "./lib/python3.5/site-packages/enpraxis/educommons/utilities/eduimsccreader.py", line 64
    raise ManifestError, 'Internal error. No source object specified'
                       ^
SyntaxError: invalid syntax

Compiling './lib/python3.5/site-packages/enpraxis/educommons/utilities/eduimscpreader.py'...
***   File "./lib/python3.5/site-packages/enpraxis/educommons/utilities/eduimscpreader.py", line 54
    raise ManifestError, 'Internal error. No source object specified'
                       ^
SyntaxError: invalid syntax

Compiling './lib/python3.5/site-packages/enpraxis/educommons/utilities/edumetadata.py'...
***   File "./lib/python3.5/site-packages/enpraxis/educommons/utilities/edumetadata.py", line 44
    raise ManifestError, '"%s" is not a recognized object type.' %ot
                       ^
SyntaxError: invalid syntax

Listing './lib/python3.5/site-packages/enpraxis/educommons/www'...
Listing './lib/python3.5/site-packages/enpraxis.educommons-4.1.2.egg-info'...
Listing './lib/python3.5/site-packages/pip'...
Listing './lib/python3.5/site-packages/pip/_vendor'...
Listing './lib/python3.5/site-packages/pip/commands'...
Listing './lib/python3.5/site-packages/pip/compat'...
Listing './lib/python3.5/site-packages/pip/models'...
Listing './lib/python3.5/site-packages/pip/operations'...
Listing './lib/python3.5/site-packages/pip/req'...
Listing './lib/python3.5/site-packages/pip/utils'...
Listing './lib/python3.5/site-packages/pip/vcs'...
Listing './lib/python3.5/site-packages/pip-9.0.1.dist-info'...
Listing './lib/python3.5/site-packages/pkg_resources'...
Listing './lib/python3.5/site-packages/pkg_resources/_vendor'...
Listing './lib/python3.5/site-packages/pkg_resources/_vendor/packaging'...
Listing './lib/python3.5/site-packages/pkg_resources/extern'...
Listing './lib/python3.5/site-packages/pkg_resources-0.0.0.dist-info'...
Listing './lib/python3.5/site-packages/setuptools'...
Listing './lib/python3.5/site-packages/setuptools/command'...
Listing './lib/python3.5/site-packages/setuptools/extern'...
Listing './lib/python3.5/site-packages/setuptools-32.3.1.dist-info'...
Listing './share'...
Listing './share/python-wheels'...
